<?xml version="1.0" encoding="UTF-8"?>
<!-- Generated by org.testng.reporters.JUnitReportReporter -->
<testsuite skipped="0" hostname="DESKTOP-HPIKONT" name="com.compname.automation.advanced_selenium.CaptureScreenshot" tests="1" failures="0" timestamp="09 Oct 2019 14:11:04 GMT" time="10.637" errors="0">
  <testcase name="takescreenshot" time="10.637" classname="com.compname.automation.advanced_selenium.CaptureScreenshot"/>
</testsuite> <!-- com.compname.automation.advanced_selenium.CaptureScreenshot -->
